<?xml version="1.0" encoding="UTF-8"?>
<testsuite name="TestDemonstration" tests="1" skipped="0" failures="0" errors="0" timestamp="2023-06-18T18:27:41" hostname="MISSPEACE" time="1.365">
  <properties/>
  <testcase name="checkAvatarAndDomainNameTest()" classname="TestDemonstration" time="1.365"/>
  <system-out><![CDATA[]]></system-out>
  <system-err><![CDATA[]]></system-err>
</testsuite>
